[dotenv@17.3.1] injecting env (9) from .env -- tip: 🔐 prevent committing .env to code: https://dotenvx.com/precommit
Server running on port 5000
REQ HIT: OPTIONS /api/users/support-tickets
REQ HIT: GET /api/users/support-tickets
✅ MongoDB Connected: ac-hj49d7t-shard-00-00.qcpdctp.mongodb.net
REQ HIT: GET /api/health
REQ HIT: GET /api/health
REQ HIT: OPTIONS /api/users/support-tickets
REQ HIT: OPTIONS /api/users/me
REQ HIT: OPTIONS /api/users/profile-change-requests
REQ HIT: OPTIONS /api/users/support-tickets
REQ HIT: GET /api/users/support-tickets
REQ HIT: GET /api/users/me
REQ HIT: GET /api/users/profile-change-requests
REQ HIT: GET /api/users/support-tickets
REQ HIT: OPTIONS /api/notifications
REQ HIT: GET /api/users/me
REQ HIT: GET /api/users/profile-change-requests
REQ HIT: GET /api/notifications
REQ HIT: GET /api/users/support-tickets
REQ HIT: GET /api/users/me
REQ HIT: GET /api/notifications
REQ HIT: GET /api/users/profile-change-requests
REQ HIT: GET /api/users/support-tickets
REQ HIT: GET /api/users/support-tickets
REQ HIT: GET /api/users/support-tickets
REQ HIT: OPTIONS /api/users/support-tickets
REQ HIT: OPTIONS /api/users/me
REQ HIT: OPTIONS /api/users/profile-change-requests
REQ HIT: OPTIONS /api/users/support-tickets
REQ HIT: GET /api/users/support-tickets
REQ HIT: GET /api/users/me
REQ HIT: GET /api/users/profile-change-requests
REQ HIT: OPTIONS /api/notifications
REQ HIT: OPTIONS /api/notifications
REQ HIT: GET /api/notifications
REQ HIT: GET /api/users/me
REQ HIT: GET /api/notifications
REQ HIT: GET /api/users/me
REQ HIT: GET /api/users/support-tickets
REQ HIT: GET /api/users/profile-change-requests
REQ HIT: GET /api/users/profile-change-requests
REQ HIT: GET /api/users/support-tickets
REQ HIT: GET /api/users/support-tickets
REQ HIT: GET /api/users/support-tickets
REQ HIT: GET /api/users/support-tickets
REQ HIT: OPTIONS /api/users/support-tickets
REQ HIT: OPTIONS /api/users/me
REQ HIT: OPTIONS /api/users/profile-change-requests
REQ HIT: OPTIONS /api/users/support-tickets
REQ HIT: GET /api/users/support-tickets
REQ HIT: GET /api/users/me
REQ HIT: GET /api/users/profile-change-requests
REQ HIT: OPTIONS /api/notifications
REQ HIT: OPTIONS /api/notifications
REQ HIT: GET /api/users/me
REQ HIT: GET /api/notifications
REQ HIT: GET /api/users/profile-change-requests
REQ HIT: GET /api/users/support-tickets
REQ HIT: GET /api/users/me
REQ HIT: GET /api/notifications
REQ HIT: GET /api/users/profile-change-requests
REQ HIT: GET /api/users/support-tickets
REQ HIT: GET /api/users/support-tickets
REQ HIT: GET /api/users/support-tickets
REQ HIT: GET /api/users/support-tickets
REQ HIT: GET /api/health
REQ HIT: OPTIONS /api/users/support-tickets
REQ HIT: OPTIONS /api/users/me
REQ HIT: OPTIONS /api/users/profile-change-requests
REQ HIT: OPTIONS /api/users/support-tickets
REQ HIT: GET /api/users/support-tickets
REQ HIT: GET /api/users/me
REQ HIT: GET /api/users/profile-change-requests
REQ HIT: OPTIONS /api/notifications
REQ HIT: OPTIONS /api/notifications
REQ HIT: GET /api/notifications
REQ HIT: GET /api/users/support-tickets
REQ HIT: GET /api/users/me
REQ HIT: GET /api/users/profile-change-requests
REQ HIT: GET /api/notifications
REQ HIT: GET /api/users/me
REQ HIT: GET /api/users/support-tickets
REQ HIT: GET /api/users/profile-change-requests
REQ HIT: GET /api/users/me
REQ HIT: GET /api/users/support-tickets
REQ HIT: GET /api/users/profile-change-requests
REQ HIT: GET /api/users/support-tickets
REQ HIT: GET /api/notifications
REQ HIT: GET /api/users/support-tickets
REQ HIT: GET /api/users/support-tickets
REQ HIT: OPTIONS /api/hr/summary
REQ HIT: OPTIONS /api/hr/departments
REQ HIT: OPTIONS /api/hr/staff
REQ HIT: OPTIONS /api/hr/attendance?date=2026-05-20
REQ HIT: OPTIONS /api/hr/banks/transactions
REQ HIT: OPTIONS /api/hr/banks
REQ HIT: GET /api/hr/summary
REQ HIT: OPTIONS /api/hr/payroll?periodEnd=2026-05-20&salaryBasis=monthly&cycleStartDay=1
REQ HIT: OPTIONS /api/hr/loans
REQ HIT: OPTIONS /api/hr/payroll?open=1
REQ HIT: GET /api/hr/departments
REQ HIT: GET /api/hr/staff
REQ HIT: OPTIONS /api/hr/payroll/settings
REQ HIT: GET /api/hr/attendance?date=2026-05-20
REQ HIT: GET /api/hr/banks/transactions
REQ HIT: GET /api/hr/banks
REQ HIT: GET /api/hr/payroll?periodEnd=2026-05-20&salaryBasis=monthly&cycleStartDay=1
REQ HIT: GET /api/hr/loans
REQ HIT: GET /api/hr/payroll?open=1
REQ HIT: OPTIONS /api/notifications
REQ HIT: OPTIONS /api/hr/payroll/settings
REQ HIT: OPTIONS /api/notifications
REQ HIT: OPTIONS /api/hr/payroll/settings
REQ HIT: GET /api/hr/payroll/settings
REQ HIT: GET /api/hr/summary
REQ HIT: GET /api/hr/departments
REQ HIT: GET /api/hr/banks
REQ HIT: GET /api/hr/staff
REQ HIT: GET /api/notifications
REQ HIT: GET /api/hr/payroll?periodEnd=2026-05-20&salaryBasis=monthly&cycleStartDay=1
REQ HIT: GET /api/hr/loans
REQ HIT: GET /api/hr/banks/transactions
REQ HIT: GET /api/hr/payroll?open=1
REQ HIT: GET /api/hr/banks
REQ HIT: GET /api/notifications
REQ HIT: GET /api/hr/staff
REQ HIT: GET /api/hr/payroll?periodEnd=2026-05-20&salaryBasis=monthly&cycleStartDay=1
REQ HIT: GET /api/hr/loans
REQ HIT: GET /api/hr/departments
REQ HIT: GET /api/hr/payroll/settings
REQ HIT: GET /api/hr/summary
REQ HIT: GET /api/hr/attendance?date=2026-05-20
REQ HIT: GET /api/hr/banks/transactions
REQ HIT: GET /api/hr/payroll?open=1
REQ HIT: GET /api/hr/payroll/settings
REQ HIT: GET /api/hr/summary
REQ HIT: GET /api/hr/departments
REQ HIT: GET /api/hr/staff
REQ HIT: OPTIONS /api/hr/payroll?periodEnd=2026-05-01&salaryBasis=monthly&cycleStartDay=1
REQ HIT: GET /api/hr/banks
REQ HIT: GET /api/hr/loans
REQ HIT: GET /api/hr/banks/transactions
REQ HIT: GET /api/hr/payroll?periodEnd=2026-05-01&salaryBasis=monthly&cycleStartDay=1
REQ HIT: GET /api/hr/payroll?open=1
REQ HIT: GET /api/hr/attendance?date=2026-05-20
REQ HIT: GET /api/hr/attendance?date=2026-05-20
REQ HIT: OPTIONS /api/hr/summary
REQ HIT: OPTIONS /api/hr/departments
REQ HIT: OPTIONS /api/hr/staff
REQ HIT: OPTIONS /api/hr/attendance?date=2026-05-20
REQ HIT: OPTIONS /api/hr/banks
REQ HIT: OPTIONS /api/hr/banks/transactions
REQ HIT: GET /api/hr/summary
REQ HIT: OPTIONS /api/hr/payroll?periodEnd=2026-05-20&salaryBasis=hourly
REQ HIT: OPTIONS /api/hr/loans
REQ HIT: OPTIONS /api/hr/payroll?open=1
REQ HIT: OPTIONS /api/hr/attendance?staff=6a0d3fdc68c46db4d396d528&date=2026-05-20
REQ HIT: GET /api/hr/departments
REQ HIT: GET /api/hr/staff
REQ HIT: GET /api/hr/attendance?date=2026-05-20
REQ HIT: GET /api/hr/banks
REQ HIT: GET /api/hr/banks/transactions
REQ HIT: GET /api/hr/payroll?periodEnd=2026-05-20&salaryBasis=hourly
REQ HIT: GET /api/hr/loans
REQ HIT: GET /api/hr/payroll?open=1
REQ HIT: GET /api/hr/attendance?staff=6a0d3fdc68c46db4d396d528&date=2026-05-20
REQ HIT: GET /api/hr/summary
REQ HIT: GET /api/hr/departments
REQ HIT: GET /api/hr/staff
REQ HIT: OPTIONS /api/hr/payroll?periodEnd=2026-05-19&salaryBasis=hourly
REQ HIT: GET /api/hr/attendance?date=2026-05-20
REQ HIT: OPTIONS /api/hr/attendance?staff=6a0d3fdc68c46db4d396d528&date=2026-05-19
REQ HIT: GET /api/hr/banks
REQ HIT: GET /api/hr/banks/transactions
REQ HIT: GET /api/hr/loans
REQ HIT: GET /api/hr/payroll?open=1
REQ HIT: GET /api/hr/payroll?periodEnd=2026-05-19&salaryBasis=hourly
REQ HIT: GET /api/hr/attendance?staff=6a0d3fdc68c46db4d396d528&date=2026-05-19
REQ HIT: OPTIONS /api/hr/summary
REQ HIT: OPTIONS /api/hr/departments
REQ HIT: OPTIONS /api/hr/staff
REQ HIT: OPTIONS /api/hr/attendance?date=2026-05-20
REQ HIT: OPTIONS /api/hr/banks
REQ HIT: OPTIONS /api/hr/banks/transactions
REQ HIT: OPTIONS /api/hr/loans
REQ HIT: OPTIONS /api/hr/payroll?periodEnd=2026-05-20&salaryBasis=hourly
REQ HIT: GET /api/hr/summary
REQ HIT: GET /api/hr/departments
REQ HIT: GET /api/hr/staff
REQ HIT: OPTIONS /api/hr/payroll?open=1
REQ HIT: GET /api/hr/attendance?date=2026-05-20
REQ HIT: OPTIONS /api/hr/attendance?staff=6a0d3fdc68c46db4d396d528&date=2026-05-20
REQ HIT: GET /api/hr/banks
REQ HIT: GET /api/hr/banks/transactions
REQ HIT: GET /api/hr/loans
REQ HIT: GET /api/hr/payroll?periodEnd=2026-05-20&salaryBasis=hourly
REQ HIT: GET /api/hr/payroll?open=1
REQ HIT: GET /api/hr/attendance?staff=6a0d3fdc68c46db4d396d528&date=2026-05-20
REQ HIT: OPTIONS /api/hr/attendance?staff=6a0d3fdc68c46db4d396d528&date=2026-05-20
REQ HIT: GET /api/hr/attendance?staff=6a0d3fdc68c46db4d396d528&date=2026-05-20
REQ HIT: OPTIONS /api/hr/attendance
REQ HIT: POST /api/hr/attendance
REQ HIT: OPTIONS /api/hr/payroll/generate
REQ HIT: POST /api/hr/payroll/generate
REQ HIT: OPTIONS /api/hr/summary
REQ HIT: GET /api/hr/summary
REQ HIT: OPTIONS /api/hr/summary
REQ HIT: OPTIONS /api/hr/departments
REQ HIT: OPTIONS /api/hr/staff
REQ HIT: OPTIONS /api/hr/attendance?date=2026-05-20
REQ HIT: OPTIONS /api/hr/banks
REQ HIT: GET /api/hr/summary
REQ HIT: OPTIONS /api/hr/banks/transactions
REQ HIT: OPTIONS /api/hr/loans
REQ HIT: GET /api/hr/departments
REQ HIT: GET /api/hr/staff
REQ HIT: OPTIONS /api/hr/payroll?periodEnd=2026-05-01&salaryBasis=monthly&cycleStartDay=1
REQ HIT: GET /api/hr/attendance?date=2026-05-20
REQ HIT: OPTIONS /api/hr/payroll?open=1
REQ HIT: OPTIONS /api/hr/attendance?staff=6a0c5f6d8420ad56a263b52f&month=2026-05
REQ HIT: GET /api/hr/banks
REQ HIT: GET /api/hr/loans
REQ HIT: GET /api/hr/banks/transactions
REQ HIT: GET /api/hr/payroll?periodEnd=2026-05-01&salaryBasis=monthly&cycleStartDay=1
REQ HIT: GET /api/hr/payroll?open=1
REQ HIT: GET /api/hr/attendance?staff=6a0c5f6d8420ad56a263b52f&month=2026-05
REQ HIT: OPTIONS /api/hr/attendance
REQ HIT: POST /api/hr/attendance
REQ HIT: OPTIONS /api/hr/summary
REQ HIT: OPTIONS /api/hr/departments
REQ HIT: OPTIONS /api/hr/staff
REQ HIT: OPTIONS /api/hr/attendance?date=2026-05-20
REQ HIT: OPTIONS /api/hr/banks
REQ HIT: OPTIONS /api/hr/banks/transactions
REQ HIT: OPTIONS /api/hr/loans
REQ HIT: OPTIONS /api/hr/payroll?periodEnd=2026-05-20&salaryBasis=daily
REQ HIT: OPTIONS /api/hr/payroll?open=1
REQ HIT: OPTIONS /api/hr/attendance?staff=6a0d3f2968c46db4d396d40f&date=2026-05-20
REQ HIT: GET /api/hr/summary
REQ HIT: GET /api/hr/departments
REQ HIT: GET /api/hr/staff
REQ HIT: GET /api/hr/attendance?date=2026-05-20
REQ HIT: GET /api/hr/banks
REQ HIT: GET /api/hr/banks/transactions
REQ HIT: GET /api/hr/loans
REQ HIT: GET /api/hr/payroll?open=1
REQ HIT: GET /api/hr/payroll?periodEnd=2026-05-20&salaryBasis=daily
REQ HIT: GET /api/hr/attendance?staff=6a0d3f2968c46db4d396d40f&date=2026-05-20
REQ HIT: OPTIONS /api/hr/payroll?periodEnd=2026-05-01&salaryBasis=monthly&cycleStartDay=1
REQ HIT: OPTIONS /api/hr/attendance?staff=6a0c5f6d8420ad56a263b52f&month=2026-05
REQ HIT: GET /api/hr/summary
REQ HIT: GET /api/hr/departments
REQ HIT: GET /api/hr/staff
REQ HIT: GET /api/hr/attendance?date=2026-05-20
REQ HIT: GET /api/hr/banks
REQ HIT: GET /api/hr/banks/transactions
REQ HIT: GET /api/hr/loans
REQ HIT: GET /api/hr/payroll?open=1
REQ HIT: GET /api/hr/payroll?periodEnd=2026-05-01&salaryBasis=monthly&cycleStartDay=1
REQ HIT: GET /api/hr/attendance?staff=6a0c5f6d8420ad56a263b52f&month=2026-05
REQ HIT: OPTIONS /api/hr/payroll/generate
REQ HIT: POST /api/hr/payroll/generate
REQ HIT: OPTIONS /api/hr/summary
REQ HIT: GET /api/hr/summary
REQ HIT: OPTIONS /api/hr/attendance?staff=6a0c5f6d8420ad56a263b52f&month=2026-04
REQ HIT: GET /api/hr/attendance?staff=6a0c5f6d8420ad56a263b52f&month=2026-04
REQ HIT: OPTIONS /api/hr/attendance
REQ HIT: POST /api/hr/attendance
REQ HIT: POST /api/hr/attendance
REQ HIT: POST /api/hr/attendance
REQ HIT: POST /api/hr/attendance
REQ HIT: POST /api/hr/attendance
REQ HIT: OPTIONS /api/hr/summary
REQ HIT: OPTIONS /api/hr/departments
REQ HIT: OPTIONS /api/hr/staff
REQ HIT: OPTIONS /api/hr/attendance?date=2026-05-20
REQ HIT: OPTIONS /api/hr/banks
REQ HIT: GET /api/hr/summary
REQ HIT: OPTIONS /api/hr/banks/transactions
REQ HIT: GET /api/hr/departments
REQ HIT: GET /api/hr/staff
REQ HIT: OPTIONS /api/hr/loans
REQ HIT: GET /api/hr/attendance?date=2026-05-20
REQ HIT: OPTIONS /api/hr/payroll?periodEnd=2026-04-01&salaryBasis=monthly&cycleStartDay=1
REQ HIT: OPTIONS /api/hr/payroll?open=1
REQ HIT: GET /api/hr/banks
REQ HIT: GET /api/hr/banks/transactions
REQ HIT: GET /api/hr/loans
REQ HIT: GET /api/hr/payroll?open=1
REQ HIT: GET /api/hr/payroll?periodEnd=2026-04-01&salaryBasis=monthly&cycleStartDay=1
REQ HIT: OPTIONS /api/hr/payroll/generate
REQ HIT: POST /api/hr/payroll/generate
REQ HIT: GET /api/hr/summary
REQ HIT: GET /api/hr/departments
REQ HIT: GET /api/hr/staff
REQ HIT: GET /api/hr/attendance?date=2026-05-20
REQ HIT: GET /api/hr/banks
REQ HIT: OPTIONS /api/hr/payroll?periodEnd=2026-05-01&salaryBasis=monthly&cycleStartDay=1
REQ HIT: GET /api/hr/banks/transactions
REQ HIT: GET /api/hr/loans
REQ HIT: GET /api/hr/payroll?open=1
REQ HIT: GET /api/hr/payroll?periodEnd=2026-05-01&salaryBasis=monthly&cycleStartDay=1
REQ HIT: GET /api/hr/summary
REQ HIT: GET /api/hr/departments
REQ HIT: GET /api/hr/staff
REQ HIT: GET /api/hr/attendance?date=2026-05-20
REQ HIT: GET /api/hr/banks
REQ HIT: GET /api/hr/banks/transactions
REQ HIT: OPTIONS /api/hr/payroll?periodEnd=2026-06-01&salaryBasis=monthly&cycleStartDay=1
REQ HIT: GET /api/hr/loans
REQ HIT: GET /api/hr/payroll?open=1
REQ HIT: GET /api/hr/payroll?periodEnd=2026-06-01&salaryBasis=monthly&cycleStartDay=1
REQ HIT: POST /api/hr/payroll/generate
REQ HIT: GET /api/hr/summary
REQ HIT: OPTIONS /api/hr/summary
REQ HIT: OPTIONS /api/hr/departments
REQ HIT: OPTIONS /api/hr/staff
REQ HIT: OPTIONS /api/hr/attendance?date=2026-05-20
REQ HIT: OPTIONS /api/hr/banks
REQ HIT: OPTIONS /api/hr/banks/transactions
REQ HIT: OPTIONS /api/hr/payroll?periodEnd=2026-07-01&salaryBasis=monthly&cycleStartDay=1
REQ HIT: GET /api/hr/summary
REQ HIT: OPTIONS /api/hr/loans
REQ HIT: GET /api/hr/departments
REQ HIT: OPTIONS /api/hr/payroll?open=1
REQ HIT: GET /api/hr/staff
REQ HIT: GET /api/hr/attendance?date=2026-05-20
REQ HIT: GET /api/hr/banks
REQ HIT: GET /api/hr/banks/transactions
REQ HIT: GET /api/hr/payroll?periodEnd=2026-07-01&salaryBasis=monthly&cycleStartDay=1
REQ HIT: GET /api/hr/loans
REQ HIT: GET /api/hr/payroll?open=1
REQ HIT: OPTIONS /api/hr/payroll/generate
REQ HIT: POST /api/hr/payroll/generate
REQ HIT: GET /api/hr/summary
REQ HIT: GET /api/hr/summary
REQ HIT: GET /api/hr/departments
REQ HIT: GET /api/hr/staff
REQ HIT: GET /api/hr/attendance?date=2026-05-20
REQ HIT: GET /api/hr/banks
REQ HIT: GET /api/hr/banks/transactions
REQ HIT: OPTIONS /api/hr/payroll?periodEnd=2026-06-01&salaryBasis=monthly&cycleStartDay=1
REQ HIT: GET /api/hr/loans
REQ HIT: GET /api/hr/payroll?open=1
REQ HIT: GET /api/hr/payroll?periodEnd=2026-06-01&salaryBasis=monthly&cycleStartDay=1
REQ HIT: GET /api/hr/summary
REQ HIT: GET /api/hr/departments
REQ HIT: GET /api/hr/staff
REQ HIT: GET /api/hr/attendance?date=2026-05-20
REQ HIT: OPTIONS /api/hr/payroll?periodEnd=2026-05-01&salaryBasis=monthly&cycleStartDay=1
REQ HIT: GET /api/hr/banks
REQ HIT: GET /api/hr/banks/transactions
REQ HIT: GET /api/hr/loans
REQ HIT: GET /api/hr/payroll?open=1
REQ HIT: GET /api/hr/payroll?periodEnd=2026-05-01&salaryBasis=monthly&cycleStartDay=1
REQ HIT: OPTIONS /api/hr/payroll/generate
REQ HIT: POST /api/hr/payroll/generate
REQ HIT: OPTIONS /api/hr/summary
REQ HIT: GET /api/hr/summary
REQ HIT: POST /api/hr/payroll/generate
REQ HIT: GET /api/hr/summary
REQ HIT: OPTIONS /api/hr/summary
REQ HIT: OPTIONS /api/hr/departments
REQ HIT: OPTIONS /api/hr/staff
REQ HIT: OPTIONS /api/hr/attendance?date=2026-05-20
REQ HIT: OPTIONS /api/hr/banks
REQ HIT: GET /api/hr/summary
REQ HIT: OPTIONS /api/hr/payroll?periodEnd=2026-05-20&salaryBasis=monthly&cycleStartDay=1
REQ HIT: OPTIONS /api/hr/banks/transactions
REQ HIT: OPTIONS /api/hr/loans
REQ HIT: GET /api/hr/departments
REQ HIT: OPTIONS /api/hr/payroll?open=1
REQ HIT: OPTIONS /api/hr/payroll/settings
REQ HIT: GET /api/hr/staff
REQ HIT: GET /api/hr/attendance?date=2026-05-20
REQ HIT: GET /api/hr/banks
REQ HIT: GET /api/hr/payroll?periodEnd=2026-05-20&salaryBasis=monthly&cycleStartDay=1
REQ HIT: GET /api/hr/banks/transactions
REQ HIT: GET /api/hr/loans
REQ HIT: GET /api/hr/payroll?open=1
REQ HIT: GET /api/hr/payroll/settings
REQ HIT: OPTIONS /api/notifications
REQ HIT: OPTIONS /api/notifications
REQ HIT: GET /api/hr/banks
REQ HIT: GET /api/hr/departments
REQ HIT: GET /api/hr/summary
REQ HIT: GET /api/hr/payroll?periodEnd=2026-05-20&salaryBasis=monthly&cycleStartDay=1
REQ HIT: GET /api/hr/staff
REQ HIT: GET /api/notifications
REQ HIT: GET /api/hr/loans
REQ HIT: GET /api/hr/payroll/settings
REQ HIT: GET /api/hr/banks/transactions
REQ HIT: GET /api/hr/attendance?date=2026-05-20
REQ HIT: GET /api/hr/banks
REQ HIT: GET /api/hr/payroll?open=1
REQ HIT: GET /api/hr/departments
REQ HIT: GET /api/hr/summary
REQ HIT: GET /api/hr/payroll?periodEnd=2026-05-20&salaryBasis=monthly&cycleStartDay=1
REQ HIT: GET /api/notifications
REQ HIT: GET /api/hr/loans
REQ HIT: GET /api/hr/payroll/settings
REQ HIT: GET /api/hr/staff
REQ HIT: GET /api/hr/banks/transactions
REQ HIT: GET /api/hr/payroll?open=1
REQ HIT: GET /api/hr/attendance?date=2026-05-20
REQ HIT: GET /api/hr/summary
REQ HIT: GET /api/hr/departments
REQ HIT: OPTIONS /api/hr/payroll?periodEnd=2026-05-01&salaryBasis=monthly&cycleStartDay=1
REQ HIT: GET /api/hr/banks
REQ HIT: GET /api/hr/loans
REQ HIT: GET /api/hr/staff
REQ HIT: GET /api/hr/payroll?periodEnd=2026-05-01&salaryBasis=monthly&cycleStartDay=1
REQ HIT: GET /api/hr/banks/transactions
REQ HIT: GET /api/hr/payroll?open=1
REQ HIT: GET /api/hr/attendance?date=2026-05-20
REQ HIT: OPTIONS /api/hr/attendance?staff=6a0c5f6d8420ad56a263b52f&month=2026-05
REQ HIT: GET /api/hr/attendance?staff=6a0c5f6d8420ad56a263b52f&month=2026-05
REQ HIT: OPTIONS /api/hr/payroll/generate
REQ HIT: POST /api/hr/payroll/generate
REQ HIT: OPTIONS /api/hr/summary
REQ HIT: GET /api/hr/summary
REQ HIT: OPTIONS /api/hr/attendance?staff=6a0c5f6d8420ad56a263b52f&month=2026-04
REQ HIT: GET /api/hr/attendance?staff=6a0c5f6d8420ad56a263b52f&month=2026-04
REQ HIT: OPTIONS /api/hr/payroll/generate
REQ HIT: POST /api/hr/payroll/generate
REQ HIT: OPTIONS /api/hr/summary
REQ HIT: GET /api/hr/summary
REQ HIT: OPTIONS /api/hr/summary
REQ HIT: OPTIONS /api/hr/departments
REQ HIT: OPTIONS /api/hr/staff
REQ HIT: OPTIONS /api/hr/attendance?date=2026-05-20
REQ HIT: OPTIONS /api/hr/banks
REQ HIT: GET /api/hr/summary
REQ HIT: OPTIONS /api/hr/banks/transactions
REQ HIT: OPTIONS /api/hr/payroll?periodEnd=2026-05-20&salaryBasis=monthly&cycleStartDay=1
REQ HIT: GET /api/hr/departments
REQ HIT: OPTIONS /api/hr/payroll?open=1
REQ HIT: OPTIONS /api/hr/loans
REQ HIT: GET /api/hr/staff
REQ HIT: OPTIONS /api/hr/payroll/settings
REQ HIT: GET /api/hr/attendance?date=2026-05-20
REQ HIT: GET /api/hr/banks
REQ HIT: GET /api/hr/banks/transactions
REQ HIT: GET /api/hr/payroll?periodEnd=2026-05-20&salaryBasis=monthly&cycleStartDay=1
REQ HIT: GET /api/hr/payroll?open=1
REQ HIT: GET /api/hr/loans
REQ HIT: OPTIONS /api/notifications
REQ HIT: GET /api/hr/payroll/settings
REQ HIT: OPTIONS /api/notifications
REQ HIT: GET /api/hr/summary
REQ HIT: GET /api/hr/departments
REQ HIT: GET /api/hr/banks
REQ HIT: GET /api/hr/payroll?periodEnd=2026-05-20&salaryBasis=monthly&cycleStartDay=1
REQ HIT: GET /api/notifications
REQ HIT: GET /api/hr/staff
REQ HIT: GET /api/hr/loans
REQ HIT: GET /api/hr/banks/transactions
REQ HIT: GET /api/hr/attendance?date=2026-05-20
REQ HIT: GET /api/hr/payroll/settings
REQ HIT: GET /api/hr/payroll?open=1
REQ HIT: GET /api/hr/departments
REQ HIT: GET /api/hr/summary
REQ HIT: GET /api/hr/departments
REQ HIT: GET /api/hr/staff
REQ HIT: GET /api/hr/attendance?date=2026-05-20
REQ HIT: GET /api/hr/banks
REQ HIT: GET /api/hr/banks/transactions
REQ HIT: GET /api/hr/loans
REQ HIT: GET /api/hr/payroll?periodEnd=2026-05-20&salaryBasis=monthly&cycleStartDay=1
REQ HIT: GET /api/hr/payroll?open=1
REQ HIT: GET /api/hr/payroll/settings
REQ HIT: GET /api/notifications
REQ HIT: GET /api/hr/departments
REQ HIT: GET /api/hr/payroll?periodEnd=2026-05-20&salaryBasis=monthly&cycleStartDay=1
REQ HIT: GET /api/hr/summary
REQ HIT: GET /api/hr/loans
REQ HIT: GET /api/hr/banks/transactions
REQ HIT: GET /api/hr/payroll/settings
REQ HIT: GET /api/hr/summary
REQ HIT: GET /api/hr/staff
REQ HIT: GET /api/hr/attendance?date=2026-05-20
REQ HIT: GET /api/hr/departments
REQ HIT: GET /api/hr/banks
REQ HIT: GET /api/hr/banks/transactions
REQ HIT: GET /api/hr/loans
REQ HIT: GET /api/hr/payroll?periodEnd=2026-05-20&salaryBasis=monthly&cycleStartDay=1
REQ HIT: GET /api/hr/payroll?open=1
REQ HIT: GET /api/hr/payroll/settings
REQ HIT: GET /api/notifications
REQ HIT: GET /api/hr/summary
REQ HIT: GET /api/hr/departments
REQ HIT: GET /api/hr/banks
REQ HIT: GET /api/hr/staff
REQ HIT: GET /api/hr/loans
REQ HIT: GET /api/hr/payroll/settings
REQ HIT: GET /api/hr/banks/transactions
REQ HIT: GET /api/hr/payroll?periodEnd=2026-05-20&salaryBasis=monthly&cycleStartDay=1
REQ HIT: GET /api/notifications
REQ HIT: GET /api/hr/attendance?date=2026-05-20
REQ HIT: GET /api/hr/departments
REQ HIT: GET /api/hr/banks
REQ HIT: GET /api/hr/summary
REQ HIT: GET /api/hr/loans
REQ HIT: GET /api/hr/payroll/settings
REQ HIT: GET /api/hr/staff
REQ HIT: GET /api/hr/payroll?periodEnd=2026-05-20&salaryBasis=monthly&cycleStartDay=1
REQ HIT: GET /api/hr/payroll?open=1
REQ HIT: GET /api/hr/banks/transactions
REQ HIT: GET /api/hr/attendance?date=2026-05-20
REQ HIT: GET /api/hr/summary
REQ HIT: GET /api/hr/departments
REQ HIT: OPTIONS /api/hr/payroll?periodEnd=2026-05-01&salaryBasis=monthly&cycleStartDay=1
REQ HIT: GET /api/hr/banks
REQ HIT: GET /api/hr/loans
REQ HIT: GET /api/hr/banks/transactions
REQ HIT: GET /api/hr/payroll?periodEnd=2026-05-01&salaryBasis=monthly&cycleStartDay=1
REQ HIT: GET /api/hr/payroll?open=1
REQ HIT: GET /api/hr/staff
REQ HIT: GET /api/hr/attendance?date=2026-05-20
REQ HIT: GET /api/hr/payroll?open=1
REQ HIT: OPTIONS /api/users/support-tickets
REQ HIT: OPTIONS /api/users/me
REQ HIT: OPTIONS /api/users/profile-change-requests
REQ HIT: OPTIONS /api/users/support-tickets
REQ HIT: OPTIONS /api/users/support-tickets
REQ HIT: OPTIONS /api/users/me
REQ HIT: OPTIONS /api/users/profile-change-requests
REQ HIT: OPTIONS /api/users/support-tickets
REQ HIT: GET /api/users/support-tickets
REQ HIT: GET /api/users/me
REQ HIT: GET /api/users/profile-change-requests
REQ HIT: GET /api/users/me
REQ HIT: GET /api/users/profile-change-requests
REQ HIT: GET /api/users/support-tickets
REQ HIT: GET /api/users/support-tickets
REQ HIT: GET /api/users/support-tickets
REQ HIT: OPTIONS /api/users/support-tickets
REQ HIT: OPTIONS /api/users/me
REQ HIT: OPTIONS /api/users/profile-change-requests
REQ HIT: OPTIONS /api/users/support-tickets
REQ HIT: GET /api/users/support-tickets
REQ HIT: GET /api/users/profile-change-requests
REQ HIT: GET /api/users/me
REQ HIT: GET /api/users/support-tickets
REQ HIT: OPTIONS /api/notifications
REQ HIT: GET /api/users/support-tickets
REQ HIT: GET /api/users/me
REQ HIT: GET /api/users/profile-change-requests
REQ HIT: GET /api/notifications
REQ HIT: GET /api/users/me
REQ HIT: GET /api/notifications
REQ HIT: GET /api/users/support-tickets
REQ HIT: GET /api/users/profile-change-requests
REQ HIT: GET /api/users/support-tickets
REQ HIT: GET /api/users/support-tickets
REQ HIT: OPTIONS /api/hr/summary
REQ HIT: OPTIONS /api/hr/departments
REQ HIT: OPTIONS /api/hr/staff
REQ HIT: OPTIONS /api/hr/attendance?date=2026-05-20
REQ HIT: OPTIONS /api/hr/banks
REQ HIT: OPTIONS /api/hr/banks/transactions
REQ HIT: OPTIONS /api/hr/payroll?periodEnd=2026-05-20&salaryBasis=monthly&cycleStartDay=1
REQ HIT: GET /api/hr/summary
REQ HIT: GET /api/hr/departments
REQ HIT: OPTIONS /api/hr/loans
REQ HIT: GET /api/hr/staff
REQ HIT: OPTIONS /api/hr/payroll?open=1
REQ HIT: OPTIONS /api/hr/payroll/settings
REQ HIT: GET /api/hr/attendance?date=2026-05-20
REQ HIT: GET /api/hr/banks
REQ HIT: GET /api/hr/banks/transactions
REQ HIT: OPTIONS /api/hr/loans
REQ HIT: GET /api/hr/payroll?periodEnd=2026-05-20&salaryBasis=monthly&cycleStartDay=1
REQ HIT: OPTIONS /api/hr/payroll?open=1
REQ HIT: OPTIONS /api/hr/payroll/settings
REQ HIT: GET /api/hr/loans
REQ HIT: GET /api/hr/payroll?open=1
REQ HIT: GET /api/hr/payroll/settings
REQ HIT: GET /api/hr/departments
REQ HIT: GET /api/hr/summary
REQ HIT: GET /api/hr/banks
REQ HIT: GET /api/hr/staff
REQ HIT: GET /api/hr/banks/transactions
REQ HIT: GET /api/hr/payroll?periodEnd=2026-05-20&salaryBasis=monthly&cycleStartDay=1
REQ HIT: GET /api/hr/loans
REQ HIT: GET /api/hr/payroll/settings
REQ HIT: GET /api/hr/attendance?date=2026-05-20
REQ HIT: GET /api/hr/payroll?open=1
REQ HIT: GET /api/hr/summary
REQ HIT: GET /api/hr/departments
REQ HIT: GET /api/hr/staff
REQ HIT: GET /api/hr/banks
REQ HIT: OPTIONS /api/hr/payroll?periodEnd=2026-05-01&salaryBasis=monthly&cycleStartDay=1
REQ HIT: GET /api/hr/banks/transactions
REQ HIT: GET /api/hr/loans
REQ HIT: GET /api/hr/payroll?periodEnd=2026-05-01&salaryBasis=monthly&cycleStartDay=1
REQ HIT: GET /api/hr/payroll?open=1
REQ HIT: GET /api/hr/attendance?date=2026-05-20
REQ HIT: OPTIONS /api/hr/summary
REQ HIT: OPTIONS /api/hr/departments
REQ HIT: OPTIONS /api/hr/staff
REQ HIT: OPTIONS /api/hr/attendance?date=2026-05-19
REQ HIT: OPTIONS /api/hr/banks
REQ HIT: GET /api/hr/summary
REQ HIT: OPTIONS /api/hr/banks/transactions
REQ HIT: GET /api/hr/departments
REQ HIT: OPTIONS /api/hr/loans
REQ HIT: OPTIONS /api/hr/payroll?periodEnd=2026-05-01&salaryBasis=monthly&cycleStartDay=1
REQ HIT: OPTIONS /api/hr/payroll?open=1
REQ HIT: GET /api/hr/staff
REQ HIT: GET /api/hr/banks
REQ HIT: GET /api/hr/attendance?date=2026-05-19
REQ HIT: GET /api/hr/banks/transactions
REQ HIT: GET /api/hr/loans
REQ HIT: GET /api/hr/payroll?periodEnd=2026-05-01&salaryBasis=monthly&cycleStartDay=1
REQ HIT: GET /api/hr/payroll?open=1
REQ HIT: OPTIONS /api/hr/attendance
REQ HIT: POST /api/hr/attendance
REQ HIT: OPTIONS /api/hr/attendance?date=2026-05-20
REQ HIT: GET /api/hr/summary
REQ HIT: GET /api/hr/departments
REQ HIT: GET /api/hr/staff
REQ HIT: GET /api/hr/banks
REQ HIT: GET /api/hr/banks/transactions
REQ HIT: GET /api/hr/loans
REQ HIT: GET /api/hr/attendance?date=2026-05-20
REQ HIT: GET /api/hr/payroll?periodEnd=2026-05-01&salaryBasis=monthly&cycleStartDay=1
REQ HIT: GET /api/hr/payroll?open=1
REQ HIT: OPTIONS /api/hr/summary
REQ HIT: OPTIONS /api/hr/departments
REQ HIT: OPTIONS /api/hr/staff
REQ HIT: OPTIONS /api/hr/banks
REQ HIT: OPTIONS /api/hr/banks/transactions
REQ HIT: GET /api/hr/attendance?date=2026-05-20
REQ HIT: GET /api/hr/summary
REQ HIT: OPTIONS /api/hr/loans
REQ HIT: OPTIONS /api/hr/payroll?periodEnd=2026-05-20&salaryBasis=monthly&cycleStartDay=1
REQ HIT: OPTIONS /api/hr/payroll?open=1
REQ HIT: OPTIONS /api/hr/payroll/settings
REQ HIT: GET /api/hr/departments
REQ HIT: GET /api/hr/staff
REQ HIT: GET /api/hr/banks
REQ HIT: GET /api/hr/banks/transactions
REQ HIT: GET /api/hr/loans
REQ HIT: GET /api/hr/payroll?periodEnd=2026-05-20&salaryBasis=monthly&cycleStartDay=1
REQ HIT: GET /api/hr/payroll?open=1
REQ HIT: GET /api/hr/payroll/settings
REQ HIT: OPTIONS /api/notifications
REQ HIT: OPTIONS /api/notifications
REQ HIT: GET /api/hr/summary
REQ HIT: GET /api/hr/departments
REQ HIT: GET /api/hr/banks
REQ HIT: GET /api/hr/loans
REQ HIT: GET /api/hr/banks/transactions
REQ HIT: GET /api/hr/staff
REQ HIT: GET /api/notifications
REQ HIT: GET /api/hr/payroll?periodEnd=2026-05-20&salaryBasis=monthly&cycleStartDay=1
REQ HIT: GET /api/hr/payroll/settings
REQ HIT: GET /api/hr/attendance?date=2026-05-20
REQ HIT: GET /api/hr/payroll?open=1
REQ HIT: GET /api/hr/banks
REQ HIT: GET /api/hr/departments
REQ HIT: GET /api/hr/summary
REQ HIT: GET /api/hr/loans
REQ HIT: GET /api/notifications
REQ HIT: GET /api/hr/payroll/settings
REQ HIT: GET /api/hr/banks/transactions
REQ HIT: GET /api/hr/payroll?periodEnd=2026-05-20&salaryBasis=monthly&cycleStartDay=1
REQ HIT: GET /api/hr/staff
REQ HIT: GET /api/hr/payroll?open=1
REQ HIT: GET /api/hr/summary
REQ HIT: GET /api/hr/departments
REQ HIT: OPTIONS /api/hr/payroll?periodEnd=2026-05-01&salaryBasis=monthly&cycleStartDay=1
REQ HIT: GET /api/hr/banks
REQ HIT: GET /api/hr/loans
REQ HIT: GET /api/hr/attendance?date=2026-05-20
REQ HIT: GET /api/hr/payroll?periodEnd=2026-05-01&salaryBasis=monthly&cycleStartDay=1
REQ HIT: GET /api/hr/banks/transactions
REQ HIT: GET /api/hr/staff
REQ HIT: GET /api/hr/payroll?open=1
REQ HIT: GET /api/hr/attendance?date=2026-05-20
REQ HIT: GET /api/hr/summary
REQ HIT: GET /api/hr/departments
REQ HIT: GET /api/hr/staff
REQ HIT: GET /api/hr/attendance?date=2026-05-20
REQ HIT: GET /api/hr/banks
REQ HIT: GET /api/hr/banks/transactions
REQ HIT: GET /api/hr/loans
REQ HIT: GET /api/hr/payroll?periodEnd=2026-05-20&salaryBasis=monthly&cycleStartDay=1
REQ HIT: GET /api/hr/payroll?open=1
REQ HIT: GET /api/hr/payroll/settings
REQ HIT: GET /api/notifications
REQ HIT: GET /api/hr/departments
REQ HIT: GET /api/hr/summary
REQ HIT: GET /api/hr/banks
REQ HIT: GET /api/hr/staff
REQ HIT: GET /api/hr/payroll?periodEnd=2026-05-20&salaryBasis=monthly&cycleStartDay=1
REQ HIT: GET /api/hr/banks/transactions
REQ HIT: GET /api/hr/loans
REQ HIT: GET /api/hr/payroll/settings
REQ HIT: GET /api/notifications
REQ HIT: GET /api/hr/attendance?date=2026-05-20
REQ HIT: GET /api/hr/departments
REQ HIT: GET /api/hr/payroll?open=1
REQ HIT: GET /api/hr/summary
REQ HIT: GET /api/hr/banks
REQ HIT: GET /api/hr/payroll?periodEnd=2026-05-20&salaryBasis=monthly&cycleStartDay=1
REQ HIT: GET /api/hr/payroll/settings
REQ HIT: GET /api/hr/loans
REQ HIT: GET /api/hr/staff
REQ HIT: GET /api/hr/banks/transactions
REQ HIT: GET /api/hr/payroll?open=1
REQ HIT: GET /api/hr/summary
REQ HIT: GET /api/hr/departments
REQ HIT: GET /api/hr/banks
REQ HIT: GET /api/hr/payroll?periodEnd=2026-05-01&salaryBasis=monthly&cycleStartDay=1
REQ HIT: GET /api/hr/loans
REQ HIT: GET /api/hr/attendance?date=2026-05-20
REQ HIT: GET /api/hr/banks/transactions
REQ HIT: GET /api/hr/staff
REQ HIT: GET /api/hr/payroll?open=1
REQ HIT: GET /api/hr/staff
REQ HIT: GET /api/hr/summary
REQ HIT: GET /api/hr/departments
REQ HIT: GET /api/hr/attendance?date=2026-05-20
REQ HIT: GET /api/hr/banks/transactions
REQ HIT: GET /api/hr/banks
REQ HIT: GET /api/hr/loans
REQ HIT: GET /api/hr/payroll?periodEnd=2026-05-20&salaryBasis=monthly&cycleStartDay=1
REQ HIT: GET /api/hr/payroll?open=1
REQ HIT: GET /api/hr/payroll/settings
REQ HIT: GET /api/notifications
REQ HIT: GET /api/hr/departments
REQ HIT: GET /api/hr/summary
REQ HIT: GET /api/hr/banks
REQ HIT: GET /api/hr/loans
REQ HIT: GET /api/hr/staff
REQ HIT: GET /api/hr/banks/transactions
REQ HIT: GET /api/hr/payroll?periodEnd=2026-05-20&salaryBasis=monthly&cycleStartDay=1
REQ HIT: GET /api/hr/payroll/settings
REQ HIT: GET /api/hr/attendance?date=2026-05-20
REQ HIT: GET /api/notifications
REQ HIT: GET /api/hr/loans
REQ HIT: GET /api/hr/summary
REQ HIT: GET /api/hr/payroll?open=1
REQ HIT: GET /api/hr/banks
REQ HIT: GET /api/hr/departments
REQ HIT: GET /api/hr/payroll?periodEnd=2026-05-20&salaryBasis=monthly&cycleStartDay=1
REQ HIT: GET /api/hr/staff
REQ HIT: GET /api/hr/payroll/settings
REQ HIT: GET /api/hr/banks/transactions
REQ HIT: GET /api/hr/payroll?open=1
REQ HIT: GET /api/hr/attendance?date=2026-05-20
REQ HIT: GET /api/hr/summary
REQ HIT: GET /api/hr/departments
REQ HIT: GET /api/hr/banks
REQ HIT: GET /api/hr/payroll?periodEnd=2026-05-01&salaryBasis=monthly&cycleStartDay=1
REQ HIT: GET /api/hr/loans
REQ HIT: GET /api/hr/staff
REQ HIT: GET /api/hr/banks/transactions
REQ HIT: GET /api/hr/payroll?open=1
REQ HIT: GET /api/hr/attendance?date=2026-05-20
REQ HIT: OPTIONS /api/hr/attendance?staff=6a0c5f6d8420ad56a263b52f&month=2026-05
REQ HIT: GET /api/hr/attendance?staff=6a0c5f6d8420ad56a263b52f&month=2026-05
REQ HIT: OPTIONS /api/hr/payroll/generate
REQ HIT: POST /api/hr/payroll/generate
REQ HIT: OPTIONS /api/hr/summary
REQ HIT: GET /api/hr/summary
REQ HIT: OPTIONS /api/hr/summary
REQ HIT: OPTIONS /api/hr/departments
REQ HIT: OPTIONS /api/hr/staff
REQ HIT: OPTIONS /api/hr/attendance?date=2026-05-20
REQ HIT: OPTIONS /api/hr/banks
REQ HIT: GET /api/hr/summary
REQ HIT: OPTIONS /api/hr/banks/transactions
REQ HIT: OPTIONS /api/hr/loans
REQ HIT: OPTIONS /api/hr/payroll?periodEnd=2026-05-20&salaryBasis=monthly&cycleStartDay=1
REQ HIT: GET /api/hr/departments
REQ HIT: GET /api/hr/staff
REQ HIT: GET /api/hr/attendance?date=2026-05-20
REQ HIT: OPTIONS /api/hr/payroll?open=1
REQ HIT: GET /api/hr/banks
REQ HIT: OPTIONS /api/hr/payroll/settings
REQ HIT: GET /api/hr/banks/transactions
REQ HIT: GET /api/hr/payroll?periodEnd=2026-05-20&salaryBasis=monthly&cycleStartDay=1
REQ HIT: GET /api/hr/loans
REQ HIT: GET /api/hr/payroll?open=1
REQ HIT: GET /api/hr/payroll/settings
REQ HIT: OPTIONS /api/notifications
REQ HIT: OPTIONS /api/notifications
REQ HIT: GET /api/hr/banks
REQ HIT: GET /api/hr/summary
REQ HIT: GET /api/hr/departments
REQ HIT: GET /api/hr/staff
REQ HIT: GET /api/hr/banks/transactions
REQ HIT: GET /api/notifications
REQ HIT: GET /api/hr/payroll?periodEnd=2026-05-20&salaryBasis=monthly&cycleStartDay=1
REQ HIT: GET /api/hr/loans
REQ HIT: GET /api/hr/attendance?date=2026-05-20
REQ HIT: GET /api/hr/payroll/settings
REQ HIT: GET /api/hr/banks
REQ HIT: GET /api/hr/summary
REQ HIT: GET /api/hr/payroll?open=1
REQ HIT: GET /api/hr/departments
REQ HIT: GET /api/notifications
REQ HIT: GET /api/hr/payroll?periodEnd=2026-05-20&salaryBasis=monthly&cycleStartDay=1
REQ HIT: GET /api/hr/loans
REQ HIT: GET /api/hr/staff
REQ HIT: GET /api/hr/banks/transactions
REQ HIT: GET /api/hr/payroll/settings
REQ HIT: GET /api/hr/payroll?open=1
REQ HIT: GET /api/hr/attendance?date=2026-05-20
REQ HIT: GET /api/hr/summary
REQ HIT: GET /api/hr/departments
REQ HIT: GET /api/hr/staff
REQ HIT: OPTIONS /api/hr/payroll?periodEnd=2026-05-01&salaryBasis=monthly&cycleStartDay=1
REQ HIT: GET /api/hr/banks
REQ HIT: GET /api/hr/banks/transactions
REQ HIT: GET /api/hr/loans
REQ HIT: GET /api/hr/payroll?open=1
REQ HIT: GET /api/hr/payroll?periodEnd=2026-05-01&salaryBasis=monthly&cycleStartDay=1
REQ HIT: GET /api/hr/attendance?date=2026-05-20
REQ HIT: OPTIONS /api/hr/summary
REQ HIT: OPTIONS /api/hr/departments
REQ HIT: OPTIONS /api/hr/staff
REQ HIT: OPTIONS /api/hr/attendance?date=2026-05-20
REQ HIT: OPTIONS /api/hr/banks
REQ HIT: GET /api/hr/summary
REQ HIT: GET /api/hr/departments
REQ HIT: OPTIONS /api/hr/payroll?periodEnd=2026-05-20&salaryBasis=monthly&cycleStartDay=1
REQ HIT: OPTIONS /api/hr/banks/transactions
REQ HIT: OPTIONS /api/hr/loans
REQ HIT: GET /api/hr/staff
REQ HIT: GET /api/hr/attendance?date=2026-05-20
REQ HIT: OPTIONS /api/hr/payroll?open=1
REQ HIT: GET /api/hr/banks
REQ HIT: OPTIONS /api/hr/payroll/settings
REQ HIT: GET /api/hr/payroll?periodEnd=2026-05-20&salaryBasis=monthly&cycleStartDay=1
REQ HIT: GET /api/hr/banks/transactions
REQ HIT: GET /api/hr/loans
REQ HIT: OPTIONS /api/notifications
REQ HIT: GET /api/hr/payroll?open=1
REQ HIT: OPTIONS /api/hr/payroll/settings
REQ HIT: OPTIONS /api/notifications
REQ HIT: OPTIONS /api/hr/payroll/settings
REQ HIT: GET /api/hr/payroll/settings
REQ HIT: GET /api/hr/summary
REQ HIT: GET /api/hr/departments
REQ HIT: GET /api/hr/payroll?periodEnd=2026-05-20&salaryBasis=monthly&cycleStartDay=1
REQ HIT: GET /api/hr/banks
REQ HIT: GET /api/notifications
REQ HIT: GET /api/hr/loans
REQ HIT: GET /api/hr/staff
REQ HIT: GET /api/hr/payroll/settings
REQ HIT: GET /api/hr/banks/transactions
REQ HIT: GET /api/hr/attendance?date=2026-05-20
REQ HIT: GET /api/hr/summary
REQ HIT: GET /api/hr/departments
REQ HIT: GET /api/hr/payroll?periodEnd=2026-05-20&salaryBasis=monthly&cycleStartDay=1
REQ HIT: GET /api/hr/payroll?open=1
REQ HIT: GET /api/hr/banks
REQ HIT: GET /api/hr/loans
REQ HIT: GET /api/notifications
REQ HIT: GET /api/hr/payroll/settings
REQ HIT: GET /api/hr/banks/transactions
REQ HIT: GET /api/hr/staff
REQ HIT: GET /api/hr/attendance?date=2026-05-20
REQ HIT: GET /api/hr/summary
REQ HIT: GET /api/hr/departments
REQ HIT: GET /api/hr/banks
REQ HIT: OPTIONS /api/hr/payroll?periodEnd=2026-05-01&salaryBasis=monthly&cycleStartDay=1
REQ HIT: GET /api/hr/summary
REQ HIT: GET /api/hr/departments
REQ HIT: GET /api/hr/staff
REQ HIT: GET /api/hr/attendance?date=2026-05-20
REQ HIT: GET /api/hr/banks
REQ HIT: GET /api/hr/banks/transactions
REQ HIT: GET /api/hr/loans
REQ HIT: GET /api/hr/payroll?open=1
REQ HIT: GET /api/hr/payroll?periodEnd=2026-05-20&salaryBasis=monthly&cycleStartDay=1
REQ HIT: GET /api/hr/payroll/settings
REQ HIT: GET /api/notifications
REQ HIT: GET /api/hr/departments
REQ HIT: GET /api/hr/summary
REQ HIT: GET /api/hr/banks
REQ HIT: GET /api/hr/banks/transactions
REQ HIT: GET /api/hr/summary
REQ HIT: GET /api/hr/departments
REQ HIT: GET /api/hr/staff
REQ HIT: GET /api/hr/attendance?date=2026-05-20
REQ HIT: GET /api/hr/banks
REQ HIT: GET /api/hr/banks/transactions
REQ HIT: GET /api/hr/loans
REQ HIT: GET /api/hr/payroll?periodEnd=2026-05-20&salaryBasis=monthly&cycleStartDay=1
REQ HIT: GET /api/hr/payroll?open=1
REQ HIT: GET /api/hr/payroll/settings
REQ HIT: GET /api/notifications
REQ HIT: GET /api/hr/banks
REQ HIT: GET /api/hr/departments
REQ HIT: GET /api/hr/summary
REQ HIT: GET /api/hr/banks/transactions
REQ HIT: GET /api/hr/staff
REQ HIT: GET /api/hr/payroll?periodEnd=2026-05-20&salaryBasis=monthly&cycleStartDay=1
REQ HIT: GET /api/hr/loans
REQ HIT: GET /api/hr/attendance?date=2026-05-20
REQ HIT: GET /api/hr/payroll/settings
REQ HIT: GET /api/notifications
REQ HIT: GET /api/hr/departments
REQ HIT: GET /api/hr/banks
REQ HIT: GET /api/hr/payroll?open=1
REQ HIT: GET /api/hr/summary
REQ HIT: GET /api/hr/payroll?periodEnd=2026-05-20&salaryBasis=monthly&cycleStartDay=1
REQ HIT: GET /api/hr/banks/transactions
REQ HIT: GET /api/hr/loans
REQ HIT: GET /api/hr/payroll/settings
REQ HIT: GET /api/hr/staff
REQ HIT: GET /api/hr/attendance?date=2026-05-20
REQ HIT: GET /api/hr/payroll?open=1
REQ HIT: GET /api/hr/summary
REQ HIT: GET /api/hr/departments
REQ HIT: GET /api/hr/banks
REQ HIT: GET /api/hr/loans
REQ HIT: GET /api/hr/payroll?periodEnd=2026-05-01&salaryBasis=monthly&cycleStartDay=1
REQ HIT: GET /api/hr/banks/transactions
REQ HIT: GET /api/hr/staff
REQ HIT: GET /api/hr/payroll?open=1
REQ HIT: GET /api/hr/attendance?date=2026-05-20
REQ HIT: GET /api/health
